<?xml version="1.0" encoding="UTF-8"?>
<!-- Generated by org.testng.reporters.JUnitReportReporter -->
<testsuite skipped="0" hostname="LAPTOP-79BVRKRR" name="com.practice.XLReading" tests="1" failures="0" timestamp="2020-01-28T13:11:45 CST" time="0.346" errors="0">
  <testcase name="read" time="0.346" classname="com.practice.XLReading"/>
</testsuite> <!-- com.practice.XLReading -->
